Arguments: 
  /usr/bin/node /usr/bin/yarn add webpack babel-loader @babel/preset-react @babel/core babel-present-react html-webpack-plugin webpack-dev-server css-loader style-loader @babel/plugin-proposal-class-properties webpack-cli --dev

PATH: 
  /home/arjit/.emacs.d/bin:/home/arjit/bin:/usr/local/bin:/home/arjit/.emacs.d/bin:/home/arjit/bin:/usr/local/bin:/usr/local/bin:/usr/bin:/bin:/usr/local/sbin:/usr/lib/jvm/default/bin:/usr/bin/site_perl:/usr/bin/vendor_perl:/usr/bin/core_perl:/usr/lib/jvm/default/bin

Yarn version: 
  1.22.19

Node version: 
  18.8.0

Platform: 
  linux x64

Trace: 
  Error: https://registry.yarnpkg.com/babel-present-react: Not found
      at params.callback [as _callback] (/usr/lib/node_modules/yarn/lib/cli.js:66145:18)
      at self.callback (/usr/lib/node_modules/yarn/lib/cli.js:140890:22)
      at Request.emit (node:events:513:28)
      at Request.<anonymous> (/usr/lib/node_modules/yarn/lib/cli.js:141862:10)
      at Request.emit (node:events:513:28)
      at IncomingMessage.<anonymous> (/usr/lib/node_modules/yarn/lib/cli.js:141784:12)
      at Object.onceWrapper (node:events:627:28)
      at IncomingMessage.emit (node:events:525:35)
      at endReadableNT (node:internal/streams/readable:1359:12)
      at process.processTicksAndRejections (node:internal/process/task_queues:82:21)

npm manifest: 
  {
    "name": "marcdown",
    "version": "1.0.0",
    "description": "A simple markdown editor app",
    "main": "./src/index.ts",
    "repository": "git@github.com:ARJITMALIK/marcdown.git",
    "author": "ARJITMALIK <arjitmalik2001@gmail.com>",
    "license": "MIT"
  }

yarn manifest: 
  No manifest

Lockfile: 
  No lockfile
